<?xml version="1.0" encoding="UTF-8"?>
<!-- Generated by org.testng.reporters.JUnitReportReporter -->
<testsuite hostname="DESKTOP-HUUC4KU" failures="0" tests="1" name="seleniumCucumber.CucumberDemoClass" time="28.487" errors="0" timestamp="2021-06-19T19:00:54 IST" skipped="0">
  <testcase classname="seleniumCucumber.CucumberDemoClass" name="setUp" time="28.487"/>
  <system-out/>
</testsuite> <!-- seleniumCucumber.CucumberDemoClass -->
